  BDD.cpp
c1xx : warning C4199: двухэтапный поиск имен не поддерживается для C++/CLI, C++/CX или OpenMP. Используйте /Zc:twoPhase-
c:\users\днс\source\repos\project2\project2\bdd.cpp(88): warning C4267: =: преобразование из "size_t" в "int"; возможна потеря данных
c:\users\днс\source\repos\project2\project2\bdd.cpp(129): warning C4244: инициализация: преобразование "double" в "int", возможна потеря данных
c:\users\днс\source\repos\project2\project2\bdd.cpp(141): warning C4267: =: преобразование из "size_t" в "int"; возможна потеря данных
c:\users\днс\source\repos\project2\project2\bdd.cpp(179): warning C4244: инициализация: преобразование "double" в "int", возможна потеря данных
c:\users\днс\source\repos\project2\project2\bdd.cpp(189): warning C4267: =: преобразование из "size_t" в "int"; возможна потеря данных
c:\users\днс\source\repos\project2\project2\bdd.cpp(230): warning C4267: =: преобразование из "size_t" в "int"; возможна потеря данных
c:\users\днс\source\repos\project2\project2\bdd.cpp(310): warning C4267: инициализация: преобразование из "size_t" в "int"; возможна потеря данных
c:\users\днс\source\repos\project2\project2\bdd.cpp(370): warning C4267: =: преобразование из "size_t" в "int"; возможна потеря данных
c:\users\днс\source\repos\project2\project2\bdd.cpp(379): warning C4267: =: преобразование из "size_t" в "int"; возможна потеря данных
c:\users\днс\source\repos\project2\project2\bdd.cpp(387): warning C4267: =: преобразование из "size_t" в "int"; возможна потеря данных
c:\users\днс\source\repos\project2\project2\bdd.cpp(400): warning C4244: инициализация: преобразование "double" в "int", возможна потеря данных
  Source.cpp
c1xx : warning C4199: двухэтапный поиск имен не поддерживается для C++/CLI, C++/CX или OpenMP. Используйте /Zc:twoPhase-
  Создание кода
  243 of 1066 functions (22.8%) were compiled, the rest were copied from previous compilation.
    78 functions were new in current compilation
    128 functions had inline decision re-evaluated but remain unchanged
  Создание кода завершено
  Project2.vcxproj -> C:\Users\днс\source\repos\Project2\x64\Release\Project2.exe
