  BDD.cpp
c1xx : warning C4199: двухэтапный поиск имен не поддерживается для C++/CLI, C++/CX или OpenMP. Используйте /Zc:twoPhase-
c:\users\programm\desktop\git\crypto\bddproject\bddproject\bdd.cpp(241): warning C4267: =: преобразование из "size_t" в "int"; возможна потеря данных
c:\users\programm\desktop\git\crypto\bddproject\bddproject\bdd.cpp(282): warning C4244: инициализация: преобразование "double" в "int", возможна потеря данных
c:\users\programm\desktop\git\crypto\bddproject\bddproject\bdd.cpp(294): warning C4267: =: преобразование из "size_t" в "int"; возможна потеря данных
c:\users\programm\desktop\git\crypto\bddproject\bddproject\bdd.cpp(332): warning C4244: инициализация: преобразование "double" в "int", возможна потеря данных
c:\users\programm\desktop\git\crypto\bddproject\bddproject\bdd.cpp(342): warning C4267: =: преобразование из "size_t" в "int"; возможна потеря данных
c:\users\programm\desktop\git\crypto\bddproject\bddproject\bdd.cpp(383): warning C4267: =: преобразование из "size_t" в "int"; возможна потеря данных
c:\users\programm\desktop\git\crypto\bddproject\bddproject\bdd.cpp(410): warning C4267: инициализация: преобразование из "size_t" в "int"; возможна потеря данных
c:\users\programm\desktop\git\crypto\bddproject\bddproject\bdd.cpp(484): warning C4267: =: преобразование из "size_t" в "int"; возможна потеря данных
c:\users\programm\desktop\git\crypto\bddproject\bddproject\bdd.cpp(534): warning C4267: инициализация: преобразование из "size_t" в "int"; возможна потеря данных
c:\users\programm\desktop\git\crypto\bddproject\bddproject\bdd.cpp(594): warning C4267: =: преобразование из "size_t" в "int"; возможна потеря данных
c:\users\programm\desktop\git\crypto\bddproject\bddproject\bdd.cpp(603): warning C4267: =: преобразование из "size_t" в "int"; возможна потеря данных
c:\users\programm\desktop\git\crypto\bddproject\bddproject\bdd.cpp(611): warning C4267: =: преобразование из "size_t" в "int"; возможна потеря данных
c:\users\programm\desktop\git\crypto\bddproject\bddproject\bdd.cpp(624): warning C4244: инициализация: преобразование "double" в "int", возможна потеря данных
c:\users\programm\desktop\git\crypto\bddproject\bddproject\bdd.cpp(734): warning C4244: инициализация: преобразование "double" в "int", возможна потеря данных
  Source.cpp
c1xx : warning C4199: двухэтапный поиск имен не поддерживается для C++/CLI, C++/CX или OpenMP. Используйте /Zc:twoPhase-
  Создание кода...
  BDDProject.vcxproj -> C:\Users\Programm\Desktop\GIT\Crypto\BDDProject\x64\Debug\BDDProject.exe
