  BDD.cpp
c1xx : warning C4199: двухэтапный поиск имен не поддерживается для C++/CLI, C++/CX или OpenMP. Используйте /Zc:twoPhase-
c:\users\днс\desktop\crypto\crypto\bddproject\bddproject\bdd.cpp(183): warning C4267: =: преобразование из "size_t" в "int"; возможна потеря данных
c:\users\днс\desktop\crypto\crypto\bddproject\bddproject\bdd.cpp(224): warning C4244: инициализация: преобразование "double" в "int", возможна потеря данных
c:\users\днс\desktop\crypto\crypto\bddproject\bddproject\bdd.cpp(236): warning C4267: =: преобразование из "size_t" в "int"; возможна потеря данных
c:\users\днс\desktop\crypto\crypto\bddproject\bddproject\bdd.cpp(274): warning C4244: инициализация: преобразование "double" в "int", возможна потеря данных
c:\users\днс\desktop\crypto\crypto\bddproject\bddproject\bdd.cpp(284): warning C4267: =: преобразование из "size_t" в "int"; возможна потеря данных
c:\users\днс\desktop\crypto\crypto\bddproject\bddproject\bdd.cpp(325): warning C4267: =: преобразование из "size_t" в "int"; возможна потеря данных
c:\users\днс\desktop\crypto\crypto\bddproject\bddproject\bdd.cpp(393): warning C4267: =: преобразование из "size_t" в "int"; возможна потеря данных
c:\users\днс\desktop\crypto\crypto\bddproject\bddproject\bdd.cpp(443): warning C4267: инициализация: преобразование из "size_t" в "int"; возможна потеря данных
c:\users\днс\desktop\crypto\crypto\bddproject\bddproject\bdd.cpp(503): warning C4267: =: преобразование из "size_t" в "int"; возможна потеря данных
c:\users\днс\desktop\crypto\crypto\bddproject\bddproject\bdd.cpp(512): warning C4267: =: преобразование из "size_t" в "int"; возможна потеря данных
c:\users\днс\desktop\crypto\crypto\bddproject\bddproject\bdd.cpp(520): warning C4267: =: преобразование из "size_t" в "int"; возможна потеря данных
c:\users\днс\desktop\crypto\crypto\bddproject\bddproject\bdd.cpp(533): warning C4244: инициализация: преобразование "double" в "int", возможна потеря данных
c:\users\днс\desktop\crypto\crypto\bddproject\bddproject\bdd.cpp(634): warning C4244: инициализация: преобразование "double" в "int", возможна потеря данных
  Создание кода
  12 of 1059 functions ( 1.1%) were compiled, the rest were copied from previous compilation.
    0 functions were new in current compilation
    5 functions had inline decision re-evaluated but remain unchanged
  Создание кода завершено
  BDDProject.vcxproj -> C:\Users\днс\Desktop\Crypto\Crypto\BDDProject\x64\Release\BDDProject.exe
